#
# There is insufficient memory for the Java Runtime Environment to continue.
# Native memory allocation (malloc) failed to allocate 2255216 bytes for Chunk::new
# Possible reasons:
#   The system is out of physical RAM or swap space
#   The process is running with CompressedOops enabled, and the Java Heap may be blocking the growth of the native heap
# Possible solutions:
#   Reduce memory load on the system
#   Increase physical memory or swap space
#   Check if swap backing store is full
#   Decrease Java heap size (-Xmx/-Xms)
#   Decrease number of Java threads
#   Decrease Java thread stack sizes (-Xss)
#   Set larger code cache with -XX:ReservedCodeCacheSize=
#   JVM is running with Unscaled Compressed Oops mode in which the Java heap is
#     placed in the first 4GB address space. The Java Heap base address is the
#     maximum limit for the native heap growth. Please use -XX:HeapBaseMinAddress
#     to set the Java Heap base and to place the Java Heap above 4GB virtual address.
# This output file may be truncated or incomplete.
#
#  Out of Memory Error (./src/hotspot/share/memory/arena.cpp:197), pid=3592, tid=5144
#
# JRE version: OpenJDK Runtime Environment AdoptOpenJDK (11.0.8+10) (build 11.0.8+10)
# Java VM: OpenJDK 64-Bit Server VM AdoptOpenJDK (11.0.8+10, mixed mode, tiered, compressed oops, parallel gc, windows-amd64)
# No core dump will be written. Minidumps are not enabled by default on client versions of Windows
#

---------------  S U M M A R Y ------------

Command Line: --add-modules=ALL-SYSTEM --add-opens=java.base/java.util=ALL-UNNAMED --add-opens=java.base/java.lang=ALL-UNNAMED -Declipse.application=org.eclipse.jdt.ls.core.id1 -Dosgi.bundles.defaultStartLevel=4 -Declipse.product=org.eclipse.jdt.ls.core.product -Dfile.encoding=utf8 -DwatchParentProcess=false -XX:+UseParallelGC -XX:GCTimeRatio=4 -XX:AdaptiveSizePolicyWeight=90 -Dsun.zip.disableMemoryMapping=true -Xmx1G -Xms100m -Xverify:none c:\Users\a-moshab\.vscode\extensions\redhat.java-0.65.0\server\plugins\org.eclipse.equinox.launcher_1.5.700.v20200207-2156.jar -configuration c:\Users\a-moshab\AppData\Roaming\Code\User\globalStorage\redhat.java\0.65.0\config_win -data c:\Users\a-moshab\AppData\Roaming\Code\User\workspaceStorage\f1e8f09345060de4f536d05c39977e94\redhat.java\jdt_ws

Host: Intel(R) Core(TM) i7-7820HQ CPU @ 2.90GHz, 8 cores, 15G,  Windows 10 , 64 bit Build 19041 (10.0.19041.292)
Time: Wed Jul 22 18:05:24 2020 Egypt Standard Time elapsed time: 3798 seconds (0d 1h 3m 18s)

---------------  T H R E A D  ---------------

Current thread (0x000002345506a000):  JavaThread "C2 CompilerThread1" daemon [_thread_in_native, id=5144, stack(0x0000006791500000,0x0000006791600000)]


Current CompileTask:
C2:3798255 30012       4       org.eclipse.jdt.internal.compiler.lookup.Scope::findMemberType (723 bytes)

Stack: [0x0000006791500000,0x0000006791600000]
Native frames: (J=compiled Java code, j=interpreted, Vv=VM code, C=native code)
V  [jvm.dll+0x5dfa5a]
V  [jvm.dll+0x7175ce]
V  [jvm.dll+0x718c9f]
V  [jvm.dll+0x719363]
V  [jvm.dll+0x240e48]
V  [jvm.dll+0xb96ac]
V  [jvm.dll+0xb9dac]
V  [jvm.dll+0x346387]
V  [jvm.dll+0x193639]
V  [jvm.dll+0x1faa32]
V  [jvm.dll+0x1f9adf]
V  [jvm.dll+0x17e4ec]
V  [jvm.dll+0x208f27]
V  [jvm.dll+0x20710b]
V  [jvm.dll+0x6dc339]
V  [jvm.dll+0x6d53e4]
V  [jvm.dll+0x5de996]
C  [ucrtbase.dll+0x21542]
C  [KERNEL32.DLL+0x16fd4]
C  [ntdll.dll+0x4cec1]


---------------  P R O C E S S  ---------------

Threads class SMR info:
_java_thread_list=0x0000023454bcdaf0, length=33, elements={
0x000002343350b800, 0x000002344d55c800, 0x000002344d55f800, 0x000002344e604800,
0x000002344e605800, 0x000002344d56e000, 0x000002344e5b8000, 0x000002344e5bb000,
0x000002344e745800, 0x000002344e88d800, 0x000002344f826000, 0x000002344fdb1800,
0x0000023450d03000, 0x00000234509c4800, 0x0000023450955800, 0x000002344fc84000,
0x0000023452bcd800, 0x00000234508fd000, 0x00000234508fe000, 0x00000234508fe800,
0x0000023455065000, 0x0000023455067800, 0x0000023455061800, 0x000002345506c000,
0x0000023455060000, 0x0000023455061000, 0x0000023455065800, 0x0000023455066800,
0x0000023455068000, 0x0000023455062800, 0x0000023455069000, 0x000002345506a000,
0x000002345506a800
}

Java Threads: ( => current thread )
  0x000002343350b800 JavaThread "main" [_thread_blocked, id=19836, stack(0x000000678f200000,0x000000678f300000)]
  0x000002344d55c800 JavaThread "Reference Handler" daemon [_thread_blocked, id=2976, stack(0x000000678f500000,0x000000678f600000)]
  0x000002344d55f800 JavaThread "Finalizer" daemon [_thread_blocked, id=6188, stack(0x000000678f600000,0x000000678f700000)]
  0x000002344e604800 JavaThread "Signal Dispatcher" daemon [_thread_blocked, id=16424, stack(0x000000678f700000,0x000000678f800000)]
  0x000002344e605800 JavaThread "Attach Listener" daemon [_thread_blocked, id=5408, stack(0x000000678f800000,0x000000678f900000)]
  0x000002344d56e000 JavaThread "C2 CompilerThread0" daemon [_thread_in_native, id=9396, stack(0x000000678f900000,0x000000678fa00000)]
  0x000002344e5b8000 JavaThread "C1 CompilerThread0" daemon [_thread_blocked, id=13284, stack(0x000000678fa00000,0x000000678fb00000)]
  0x000002344e5bb000 JavaThread "Sweeper thread" daemon [_thread_blocked, id=20388, stack(0x000000678fb00000,0x000000678fc00000)]
  0x000002344e745800 JavaThread "Common-Cleaner" daemon [_thread_blocked, id=1444, stack(0x000000678fc00000,0x000000678fd00000)]
  0x000002344e88d800 JavaThread "Service Thread" daemon [_thread_blocked, id=14572, stack(0x000000678fd00000,0x000000678fe00000)]
  0x000002344f826000 JavaThread "Active Thread: Equinox Container: 1e901f7a-e0f2-4c16-bfaa-ba38af230648" [_thread_blocked, id=17660, stack(0x0000006790100000,0x0000006790200000)]
  0x000002344fdb1800 JavaThread "Framework Event Dispatcher: Equinox Container: 1e901f7a-e0f2-4c16-bfaa-ba38af230648" daemon [_thread_blocked, id=4568, stack(0x0000006790200000,0x0000006790300000)]
  0x0000023450d03000 JavaThread "Start Level: Equinox Container: 1e901f7a-e0f2-4c16-bfaa-ba38af230648" daemon [_thread_blocked, id=9584, stack(0x0000006790300000,0x0000006790400000)]
  0x00000234509c4800 JavaThread "Worker-JM" [_thread_blocked, id=21016, stack(0x0000006790700000,0x0000006790800000)]
  0x0000023450955800 JavaThread "Java indexing" daemon [_thread_blocked, id=6572, stack(0x0000006790f00000,0x0000006791000000)]
  0x000002344fc84000 JavaThread "pool-1-thread-1" [_thread_in_native, id=13016, stack(0x0000006791000000,0x0000006791100000)]
  0x0000023452bcd800 JavaThread "Bundle File Closer" daemon [_thread_blocked, id=16624, stack(0x0000006791200000,0x0000006791300000)]
  0x00000234508fd000 JavaThread "ForkJoinPool.commonPool-worker-11" daemon [_thread_blocked, id=10636, stack(0x000000678ef00000,0x000000678f000000)]
  0x00000234508fe000 JavaThread "ForkJoinPool.commonPool-worker-15" daemon [_thread_blocked, id=2612, stack(0x000000678f100000,0x000000678f200000)]
  0x00000234508fe800 JavaThread "ForkJoinPool.commonPool-worker-1" daemon [_thread_blocked, id=15100, stack(0x000000678ff00000,0x0000006790000000)]
  0x0000023455065000 JavaThread "ForkJoinPool.commonPool-worker-3" daemon [_thread_blocked, id=10148, stack(0x0000006790800000,0x0000006790900000)]
  0x0000023455067800 JavaThread "ForkJoinPool.commonPool-worker-7" daemon [_thread_blocked, id=19428, stack(0x0000006791600000,0x0000006791700000)]
  0x0000023455061800 JavaThread "Worker-37" [_thread_blocked, id=4676, stack(0x0000006791700000,0x0000006791800000)]
  0x000002345506c000 JavaThread "Worker-40" [_thread_blocked, id=6676, stack(0x0000006791a00000,0x0000006791b00000)]
  0x0000023455060000 JavaThread "ForkJoinPool.commonPool-worker-9" daemon [_thread_blocked, id=19548, stack(0x000000678f000000,0x000000678f100000)]
  0x0000023455061000 JavaThread "ForkJoinPool.commonPool-worker-13" daemon [_thread_blocked, id=18748, stack(0x0000006790000000,0x0000006790100000)]
  0x0000023455065800 JavaThread "Worker-42" [_thread_blocked, id=14496, stack(0x0000006790900000,0x0000006790a00000)]
  0x0000023455066800 JavaThread "Worker-43" [_thread_blocked, id=6652, stack(0x0000006790e00000,0x0000006790f00000)]
  0x0000023455068000 JavaThread "Worker-44" [_thread_blocked, id=8040, stack(0x0000006791100000,0x0000006791200000)]
  0x0000023455062800 JavaThread "Worker-45" [_thread_blocked, id=14636, stack(0x0000006791300000,0x0000006791400000)]
  0x0000023455069000 JavaThread "Worker-46" [_thread_blocked, id=8524, stack(0x0000006791400000,0x0000006791500000)]
=>0x000002345506a000 JavaThread "C2 CompilerThread1" daemon [_thread_in_native, id=5144, stack(0x0000006791500000,0x0000006791600000)]
  0x000002345506a800 JavaThread "C2 CompilerThread2" daemon [_thread_in_native, id=16652, stack(0x0000006791800000,0x0000006791900000)]

Other Threads:
  0x000002344d447800 VMThread "VM Thread" [stack: 0x000000678f400000,0x000000678f500000] [id=19148]
  0x000002344e7b0000 WatcherThread [stack: 0x000000678fe00000,0x000000678ff00000] [id=13844]
  0x0000023433524000 GCTaskThread "ParGC Thread#0" [stack: 0x000000678f300000,0x000000678f400000] [id=5820]
  0x000002345063f800 GCTaskThread "ParGC Thread#1" [stack: 0x0000006790400000,0x0000006790500000] [id=16668]
  0x0000023450645000 GCTaskThread "ParGC Thread#2" [stack: 0x0000006790500000,0x0000006790600000] [id=11268]
  0x0000023450645800 GCTaskThread "ParGC Thread#3" [stack: 0x0000006790600000,0x0000006790700000] [id=16584]
  0x0000023450df5800 GCTaskThread "ParGC Thread#4" [stack: 0x0000006790a00000,0x0000006790b00000] [id=10288]
  0x0000023450eb9000 GCTaskThread "ParGC Thread#5" [stack: 0x0000006790b00000,0x0000006790c00000] [id=7432]
  0x0000023450e6a800 GCTaskThread "ParGC Thread#6" [stack: 0x0000006790c00000,0x0000006790d00000] [id=19116]
  0x0000023450dc9800 GCTaskThread "ParGC Thread#7" [stack: 0x0000006790d00000,0x0000006790e00000] [id=3052]

Threads with active compile tasks:
C2 CompilerThread03798280 30068   !   4       org.eclipse.jdt.internal.compiler.lookup.Scope::getBinding (1403 bytes)
C2 CompilerThread13798280 30012       4       org.eclipse.jdt.internal.compiler.lookup.Scope::findMemberType (723 bytes)
C2 CompilerThread23798280 30140       4       org.eclipse.jdt.internal.compiler.lookup.Scope::getTypeOrPackage (1672 bytes)

VM state:not at safepoint (normal execution)

VM Mutex/Monitor currently owned by a thread: None

Heap address: 0x00000000c0000000, size: 1024 MB, Compressed Oops mode: 32-bit
Narrow klass base: 0x0000000000000000, Narrow klass shift: 3
Compressed class space size: 1073741824 Address: 0x0000000100000000

Heap:
 PSYoungGen      total 18944K, used 13886K [0x00000000eab00000, 0x00000000ec600000, 0x0000000100000000)
  eden space 12800K, 63% used [0x00000000eab00000,0x00000000eb2fcdf0,0x00000000eb780000)
  from space 6144K, 92% used [0x00000000eb780000,0x00000000ebd12b90,0x00000000ebd80000)
  to   space 6656K, 0% used [0x00000000ebf80000,0x00000000ebf80000,0x00000000ec600000)
 ParOldGen       total 201216K, used 188554K [0x00000000c0000000, 0x00000000cc480000, 0x00000000eab00000)
  object space 201216K, 93% used [0x00000000c0000000,0x00000000cb822a00,0x00000000cc480000)
 Metaspace       used 90228K, capacity 93799K, committed 94208K, reserved 1134592K
  class space    used 7874K, capacity 9059K, committed 9216K, reserved 1048576K

Card table byte_map: [0x0000023432ed0000,0x00000234330e0000] _byte_map_base: 0x00000234328d0000

Marking Bits: (ParMarkBitMap*) 0x00007ffbdfe66e90
 Begin Bits: [0x000002344ab80000, 0x000002344bb80000)
 End Bits:   [0x000002344bb80000, 0x000002344cb80000)

Polling page: 0x0000023431400000

Metaspace:

Usage:
  Non-class:     82.75 MB capacity,    80.42 MB ( 97%) used,     2.14 MB (  3%) free+waste,   193.81 KB ( <1%) overhead. 
      Class:      8.85 MB capacity,     7.69 MB ( 87%) used,     1.08 MB ( 12%) free+waste,    76.44 KB ( <1%) overhead. 
       Both:     91.60 MB capacity,    88.11 MB ( 96%) used,     3.22 MB (  4%) free+waste,   270.25 KB ( <1%) overhead. 

Virtual space:
  Non-class space:       84.00 MB reserved,      83.00 MB ( 99%) committed 
      Class space:        1.00 GB reserved,       9.00 MB ( <1%) committed 
             Both:        1.08 GB reserved,      92.00 MB (  8%) committed 

Chunk freelists:
   Non-Class:  188.00 KB
       Class:  125.00 KB
        Both:  313.00 KB

MaxMetaspaceSize: 17179869184.00 GB
CompressedClassSpaceSize: 1.00 GB

CodeHeap 'non-profiled nmethods': size=120000Kb used=29646Kb max_used=29646Kb free=90353Kb
 bounds [0x0000023443650000, 0x0000023445370000, 0x000002344ab80000]
CodeHeap 'profiled nmethods': size=120000Kb used=45541Kb max_used=45541Kb free=74458Kb
 bounds [0x000002343c120000, 0x000002343ee00000, 0x0000023443650000]
CodeHeap 'non-nmethods': size=5760Kb used=1318Kb max_used=1386Kb free=4441Kb
 bounds [0x000002343bb80000, 0x000002343bdf0000, 0x000002343c120000]
 total_blobs=21329 nmethods=20602 adapters=635
 compilation: enabled
              stopped_count=0, restarted_count=0
 full_count=0

Compilation events (20 events):
Event: 3797.864 Thread 0x000002344e5b8000 30249       3       org.eclipse.jdt.internal.core.search.matching.ClassFileMatchLocator::locateMatches (1031 bytes)
Event: 3797.870 Thread 0x000002344e5b8000 nmethod 30249 0x000002343eddce10 code [0x000002343eddd760, 0x000002343ede3df8]
Event: 3797.870 Thread 0x000002344e5b8000 30250       2       org.eclipse.jdt.internal.core.search.matching.ClassFileMatchLocator::matchAnnotations (491 bytes)
Event: 3797.872 Thread 0x000002344e5b8000 nmethod 30250 0x000002343ede6c90 code [0x000002343ede7040, 0x000002343ede8238]
Event: 3797.872 Thread 0x000002344e5b8000 30251 %     3       org.eclipse.jdt.internal.core.search.matching.ClassFileMatchLocator::locateMatches @ 357 (1031 bytes)
Event: 3797.882 Thread 0x000002344e5b8000 nmethod 30251% 0x000002343ede9190 code [0x000002343ede9b00, 0x000002343edf0fd8]
Event: 3797.913 Thread 0x000002344e5b8000 30252       2       org.eclipse.jdt.internal.compiler.lookup.LookupEnvironment::cacheBinaryType (8 bytes)
Event: 3797.914 Thread 0x000002344e5b8000 nmethod 30252 0x000002343e31f410 code [0x000002343e31f5c0, 0x000002343e31f6e8]
Event: 3797.917 Thread 0x000002344e5b8000 30253       1       org.eclipse.jdt.internal.compiler.lookup.TypeBinding::syntheticOuterLocalVariables (2 bytes)
Event: 3797.917 Thread 0x000002344e5b8000 nmethod 30253 0x0000023445104790 code [0x0000023445104940, 0x00000234451049f8]
Event: 3797.918 Thread 0x000002344e5b8000 30254   !   2       org.eclipse.jdt.internal.core.search.matching.MatchLocator::getBinaryInfo (156 bytes)
Event: 3797.919 Thread 0x000002344e5b8000 nmethod 30254 0x000002343edf3f90 code [0x000002343edf42a0, 0x000002343edf4e28]
Event: 3797.919 Thread 0x000002344e5b8000 30255   !   2       org.eclipse.jdt.internal.core.search.matching.MatchLocator::cacheBinaryType (140 bytes)
Event: 3797.921 Thread 0x000002344e5b8000 nmethod 30255 0x000002343edf5c10 code [0x000002343edf5f40, 0x000002343edf6ad8]
Event: 3797.988 Thread 0x000002344e5b8000 30257       2       org.eclipse.jdt.internal.core.search.matching.MatchLocator::typeInHierarchy (72 bytes)
Event: 3797.989 Thread 0x000002344e5b8000 nmethod 30257 0x000002343edf7510 code [0x000002343edf76e0, 0x000002343edf7998]
Event: 3798.019 Thread 0x000002344e5b8000 30258       2       org.eclipse.jdt.internal.compiler.lookup.ReferenceBinding::syntheticEnclosingInstanceTypes (29 bytes)
Event: 3798.019 Thread 0x000002344e5b8000 nmethod 30258 0x000002343edf7b90 code [0x000002343edf7d60, 0x000002343edf8028]
Event: 3798.041 Thread 0x000002344e5b8000 30259 %     3       org.eclipse.jdt.internal.core.search.matching.ClassFileMatchLocator::matchAnnotations @ 214 (491 bytes)
Event: 3798.045 Thread 0x000002344e5b8000 nmethod 30259% 0x000002343edf8110 code [0x000002343edf86e0, 0x000002343edfbdd8]

GC Heap History (20 events):
Event: 3797.221 GC heap before
{Heap before GC invocations=18850 (full 363):
 PSYoungGen      total 27136K, used 25385K [0x00000000eab00000, 0x00000000ecd00000, 0x0000000100000000)
  eden space 18944K, 100% used [0x00000000eab00000,0x00000000ebd80000,0x00000000ebd80000)
  from space 8192K, 78% used [0x00000000ebd80000,0x00000000ec3ca650,0x00000000ec580000)
  to   space 7168K, 0% used [0x00000000ec600000,0x00000000ec600000,0x00000000ecd00000)
 ParOldGen       total 201216K, used 167271K [0x00000000c0000000, 0x00000000cc480000, 0x00000000eab00000)
  object space 201216K, 83% used [0x00000000c0000000,0x00000000ca359d00,0x00000000cc480000)
 Metaspace       used 90023K, capacity 93543K, committed 93952K, reserved 1134592K
  class space    used 7866K, capacity 9059K, committed 9216K, reserved 1048576K
}
Event: 3797.237 GC heap after
{Heap after GC invocations=18850 (full 363):
 PSYoungGen      total 16896K, used 7143K [0x00000000eab00000, 0x00000000ee200000, 0x0000000100000000)
  eden space 9728K, 0% used [0x00000000eab00000,0x00000000eab00000,0x00000000eb480000)
  from space 7168K, 99% used [0x00000000ec600000,0x00000000eccf9e38,0x00000000ecd00000)
  to   space 17920K, 0% used [0x00000000eb480000,0x00000000eb480000,0x00000000ec600000)
 ParOldGen       total 201216K, used 176033K [0x00000000c0000000, 0x00000000cc480000, 0x00000000eab00000)
  object space 201216K, 87% used [0x00000000c0000000,0x00000000cabe8488,0x00000000cc480000)
 Metaspace       used 90023K, capacity 93543K, committed 93952K, reserved 1134592K
  class space    used 7866K, capacity 9059K, committed 9216K, reserved 1048576K
}
Event: 3797.355 GC heap before
{Heap before GC invocations=18851 (full 363):
 PSYoungGen      total 16896K, used 16871K [0x00000000eab00000, 0x00000000ee200000, 0x0000000100000000)
  eden space 9728K, 100% used [0x00000000eab00000,0x00000000eb480000,0x00000000eb480000)
  from space 7168K, 99% used [0x00000000ec600000,0x00000000eccf9e38,0x00000000ecd00000)
  to   space 17920K, 0% used [0x00000000eb480000,0x00000000eb480000,0x00000000ec600000)
 ParOldGen       total 201216K, used 176033K [0x00000000c0000000, 0x00000000cc480000, 0x00000000eab00000)
  object space 201216K, 87% used [0x00000000c0000000,0x00000000cabe8488,0x00000000cc480000)
 Metaspace       used 90052K, capacity 93607K, committed 93952K, reserved 1134592K
  class space    used 7867K, capacity 9059K, committed 9216K, reserved 1048576K
}
Event: 3797.361 GC heap after
{Heap after GC invocations=18851 (full 363):
 PSYoungGen      total 19456K, used 9246K [0x00000000eab00000, 0x00000000ecc80000, 0x0000000100000000)
  eden space 9728K, 0% used [0x00000000eab00000,0x00000000eab00000,0x00000000eb480000)
  from space 9728K, 95% used [0x00000000eb480000,0x00000000ebd87bf0,0x00000000ebe00000)
  to   space 11776K, 0% used [0x00000000ec100000,0x00000000ec100000,0x00000000ecc80000)
 ParOldGen       total 201216K, used 177017K [0x00000000c0000000, 0x00000000cc480000, 0x00000000eab00000)
  object space 201216K, 87% used [0x00000000c0000000,0x00000000cacde4f0,0x00000000cc480000)
 Metaspace       used 90052K, capacity 93607K, committed 93952K, reserved 1134592K
  class space    used 7867K, capacity 9059K, committed 9216K, reserved 1048576K
}
Event: 3797.502 GC heap before
{Heap before GC invocations=18852 (full 363):
 PSYoungGen      total 19456K, used 18974K [0x00000000eab00000, 0x00000000ecc80000, 0x0000000100000000)
  eden space 9728K, 100% used [0x00000000eab00000,0x00000000eb480000,0x00000000eb480000)
  from space 9728K, 95% used [0x00000000eb480000,0x00000000ebd87bf0,0x00000000ebe00000)
  to   space 11776K, 0% used [0x00000000ec100000,0x00000000ec100000,0x00000000ecc80000)
 ParOldGen       total 201216K, used 177017K [0x00000000c0000000, 0x00000000cc480000, 0x00000000eab00000)
  object space 201216K, 87% used [0x00000000c0000000,0x00000000cacde4f0,0x00000000cc480000)
 Metaspace       used 90059K, capacity 93607K, committed 93952K, reserved 1134592K
  class space    used 7867K, capacity 9059K, committed 9216K, reserved 1048576K
}
Event: 3797.510 GC heap after
{Heap after GC invocations=18852 (full 363):
 PSYoungGen      total 22016K, used 11745K [0x00000000eab00000, 0x00000000ecd80000, 0x0000000100000000)
  eden space 10240K, 0% used [0x00000000eab00000,0x00000000eab00000,0x00000000eb500000)
  from space 11776K, 99% used [0x00000000ec100000,0x00000000ecc785a0,0x00000000ecc80000)
  to   space 12288K, 0% used [0x00000000eb500000,0x00000000eb500000,0x00000000ec100000)
 ParOldGen       total 201216K, used 177025K [0x00000000c0000000, 0x00000000cc480000, 0x00000000eab00000)
  object space 201216K, 87% used [0x00000000c0000000,0x00000000cace04f0,0x00000000cc480000)
 Metaspace       used 90059K, capacity 93607K, committed 93952K, reserved 1134592K
  class space    used 7867K, capacity 9059K, committed 9216K, reserved 1048576K
}
Event: 3797.652 GC heap before
{Heap before GC invocations=18853 (full 363):
 PSYoungGen      total 22016K, used 21985K [0x00000000eab00000, 0x00000000ecd80000, 0x0000000100000000)
  eden space 10240K, 100% used [0x00000000eab00000,0x00000000eb500000,0x00000000eb500000)
  from space 11776K, 99% used [0x00000000ec100000,0x00000000ecc785a0,0x00000000ecc80000)
  to   space 12288K, 0% used [0x00000000eb500000,0x00000000eb500000,0x00000000ec100000)
 ParOldGen       total 201216K, used 177025K [0x00000000c0000000, 0x00000000cc480000, 0x00000000eab00000)
  object space 201216K, 87% used [0x00000000c0000000,0x00000000cace04f0,0x00000000cc480000)
 Metaspace       used 90121K, capacity 93671K, committed 94208K, reserved 1134592K
  class space    used 7871K, capacity 9059K, committed 9216K, reserved 1048576K
}
Event: 3797.659 GC heap after
{Heap after GC invocations=18853 (full 363):
 PSYoungGen      total 18432K, used 7786K [0x00000000eab00000, 0x00000000ec900000, 0x0000000100000000)
  eden space 10240K, 0% used [0x00000000eab00000,0x00000000eab00000,0x00000000eb500000)
  from space 8192K, 95% used [0x00000000eb500000,0x00000000ebc9a820,0x00000000ebd00000)
  to   space 9728K, 0% used [0x00000000ebf80000,0x00000000ebf80000,0x00000000ec900000)
 ParOldGen       total 201216K, used 179266K [0x00000000c0000000, 0x00000000cc480000, 0x00000000eab00000)
  object space 201216K, 89% used [0x00000000c0000000,0x00000000caf10818,0x00000000cc480000)
 Metaspace       used 90121K, capacity 93671K, committed 94208K, reserved 1134592K
  class space    used 7871K, capacity 9059K, committed 9216K, reserved 1048576K
}
Event: 3797.744 GC heap before
{Heap before GC invocations=18854 (full 363):
 PSYoungGen      total 18432K, used 18026K [0x00000000eab00000, 0x00000000ec900000, 0x0000000100000000)
  eden space 10240K, 100% used [0x00000000eab00000,0x00000000eb500000,0x00000000eb500000)
  from space 8192K, 95% used [0x00000000eb500000,0x00000000ebc9a820,0x00000000ebd00000)
  to   space 9728K, 0% used [0x00000000ebf80000,0x00000000ebf80000,0x00000000ec900000)
 ParOldGen       total 201216K, used 179266K [0x00000000c0000000, 0x00000000cc480000, 0x00000000eab00000)
  object space 201216K, 89% used [0x00000000c0000000,0x00000000caf10818,0x00000000cc480000)
 Metaspace       used 90177K, capacity 93735K, committed 94208K, reserved 1134592K
  class space    used 7873K, capacity 9059K, committed 9216K, reserved 1048576K
}
Event: 3797.754 GC heap after
{Heap after GC invocations=18854 (full 363):
 PSYoungGen      total 20992K, used 9166K [0x00000000eab00000, 0x00000000ec900000, 0x0000000100000000)
  eden space 11264K, 0% used [0x00000000eab00000,0x00000000eab00000,0x00000000eb600000)
  from space 9728K, 94% used [0x00000000ebf80000,0x00000000ec873850,0x00000000ec900000)
  to   space 9728K, 0% used [0x00000000eb600000,0x00000000eb600000,0x00000000ebf80000)
 ParOldGen       total 201216K, used 179274K [0x00000000c0000000, 0x00000000cc480000, 0x00000000eab00000)
  object space 201216K, 89% used [0x00000000c0000000,0x00000000caf12818,0x00000000cc480000)
 Metaspace       used 90177K, capacity 93735K, committed 94208K, reserved 1134592K
  class space    used 7873K, capacity 9059K, committed 9216K, reserved 1048576K
}
Event: 3797.835 GC heap before
{Heap before GC invocations=18855 (full 363):
 PSYoungGen      total 20992K, used 20430K [0x00000000eab00000, 0x00000000ec900000, 0x0000000100000000)
  eden space 11264K, 100% used [0x00000000eab00000,0x00000000eb600000,0x00000000eb600000)
  from space 9728K, 94% used [0x00000000ebf80000,0x00000000ec873850,0x00000000ec900000)
  to   space 9728K, 0% used [0x00000000eb600000,0x00000000eb600000,0x00000000ebf80000)
 ParOldGen       total 201216K, used 179274K [0x00000000c0000000, 0x00000000cc480000, 0x00000000eab00000)
  object space 201216K, 89% used [0x00000000c0000000,0x00000000caf12818,0x00000000cc480000)
 Metaspace       used 90202K, capacity 93735K, committed 94208K, reserved 1134592K
  class space    used 7873K, capacity 9059K, committed 9216K, reserved 1048576K
}
Event: 3797.844 GC heap after
{Heap after GC invocations=18855 (full 363):
 PSYoungGen      total 20992K, used 9715K [0x00000000eab00000, 0x00000000ecd00000, 0x0000000100000000)
  eden space 11264K, 0% used [0x00000000eab00000,0x00000000eab00000,0x00000000eb600000)
  from space 9728K, 99% used [0x00000000eb600000,0x00000000ebf7cd48,0x00000000ebf80000)
  to   space 11264K, 0% used [0x00000000ec200000,0x00000000ec200000,0x00000000ecd00000)
 ParOldGen       total 201216K, used 180114K [0x00000000c0000000, 0x00000000cc480000, 0x00000000eab00000)
  object space 201216K, 89% used [0x00000000c0000000,0x00000000cafe4818,0x00000000cc480000)
 Metaspace       used 90202K, capacity 93735K, committed 94208K, reserved 1134592K
  class space    used 7873K, capacity 9059K, committed 9216K, reserved 1048576K
}
Event: 3797.886 GC heap before
{Heap before GC invocations=18856 (full 363):
 PSYoungGen      total 20992K, used 20979K [0x00000000eab00000, 0x00000000ecd00000, 0x0000000100000000)
  eden space 11264K, 100% used [0x00000000eab00000,0x00000000eb600000,0x00000000eb600000)
  from space 9728K, 99% used [0x00000000eb600000,0x00000000ebf7cd48,0x00000000ebf80000)
  to   space 11264K, 0% used [0x00000000ec200000,0x00000000ec200000,0x00000000ecd00000)
 ParOldGen       total 201216K, used 180114K [0x00000000c0000000, 0x00000000cc480000, 0x00000000eab00000)
  object space 201216K, 89% used [0x00000000c0000000,0x00000000cafe4818,0x00000000cc480000)
 Metaspace       used 90222K, capacity 93799K, committed 94208K, reserved 1134592K
  class space    used 7873K, capacity 9059K, committed 9216K, reserved 1048576K
}
Event: 3797.895 GC heap after
{Heap after GC invocations=18856 (full 363):
 PSYoungGen      total 18944K, used 6270K [0x00000000eab00000, 0x00000000ec880000, 0x0000000100000000)
  eden space 12288K, 0% used [0x00000000eab00000,0x00000000eab00000,0x00000000eb700000)
  from space 6656K, 94% used [0x00000000ec200000,0x00000000ec81f850,0x00000000ec880000)
  to   space 8192K, 0% used [0x00000000eb880000,0x00000000eb880000,0x00000000ec080000)
 ParOldGen       total 201216K, used 184752K [0x00000000c0000000, 0x00000000cc480000, 0x00000000eab00000)
  object space 201216K, 91% used [0x00000000c0000000,0x00000000cb46c2c8,0x00000000cc480000)
 Metaspace       used 90222K, capacity 93799K, committed 94208K, reserved 1134592K
  class space    used 7873K, capacity 9059K, committed 9216K, reserved 1048576K
}
Event: 3797.925 GC heap before
{Heap before GC invocations=18857 (full 363):
 PSYoungGen      total 18944K, used 18558K [0x00000000eab00000, 0x00000000ec880000, 0x0000000100000000)
  eden space 12288K, 100% used [0x00000000eab00000,0x00000000eb700000,0x00000000eb700000)
  from space 6656K, 94% used [0x00000000ec200000,0x00000000ec81f850,0x00000000ec880000)
  to   space 8192K, 0% used [0x00000000eb880000,0x00000000eb880000,0x00000000ec080000)
 ParOldGen       total 201216K, used 184752K [0x00000000c0000000, 0x00000000cc480000, 0x00000000eab00000)
  object space 201216K, 91% used [0x00000000c0000000,0x00000000cb46c2c8,0x00000000cc480000)
 Metaspace       used 90222K, capacity 93799K, committed 94208K, reserved 1134592K
  class space    used 7873K, capacity 9059K, committed 9216K, reserved 1048576K
}
Event: 3797.934 GC heap after
{Heap after GC invocations=18857 (full 363):
 PSYoungGen      total 21504K, used 7348K [0x00000000eab00000, 0x00000000ec780000, 0x0000000100000000)
  eden space 13824K, 0% used [0x00000000eab00000,0x00000000eab00000,0x00000000eb880000)
  from space 7680K, 95% used [0x00000000eb880000,0x00000000ebfad098,0x00000000ec000000)
  to   space 7680K, 0% used [0x00000000ec000000,0x00000000ec000000,0x00000000ec780000)
 ParOldGen       total 201216K, used 184752K [0x00000000c0000000, 0x00000000cc480000, 0x00000000eab00000)
  object space 201216K, 91% used [0x00000000c0000000,0x00000000cb46c2c8,0x00000000cc480000)
 Metaspace       used 90222K, capacity 93799K, committed 94208K, reserved 1134592K
  class space    used 7873K, capacity 9059K, committed 9216K, reserved 1048576K
}
Event: 3797.992 GC heap before
{Heap before GC invocations=18858 (full 363):
 PSYoungGen      total 21504K, used 21172K [0x00000000eab00000, 0x00000000ec780000, 0x0000000100000000)
  eden space 13824K, 100% used [0x00000000eab00000,0x00000000eb880000,0x00000000eb880000)
  from space 7680K, 95% used [0x00000000eb880000,0x00000000ebfad098,0x00000000ec000000)
  to   space 7680K, 0% used [0x00000000ec000000,0x00000000ec000000,0x00000000ec780000)
 ParOldGen       total 201216K, used 184752K [0x00000000c0000000, 0x00000000cc480000, 0x00000000eab00000)
  object space 201216K, 91% used [0x00000000c0000000,0x00000000cb46c2c8,0x00000000cc480000)
 Metaspace       used 90222K, capacity 93799K, committed 94208K, reserved 1134592K
  class space    used 7873K, capacity 9059K, committed 9216K, reserved 1048576K
}
Event: 3798.002 GC heap after
{Heap after GC invocations=18858 (full 363):
 PSYoungGen      total 20480K, used 7669K [0x00000000eab00000, 0x00000000ecb00000, 0x0000000100000000)
  eden space 12800K, 0% used [0x00000000eab00000,0x00000000eab00000,0x00000000eb780000)
  from space 7680K, 99% used [0x00000000ec000000,0x00000000ec77d428,0x00000000ec780000)
  to   space 8704K, 0% used [0x00000000eb780000,0x00000000eb780000,0x00000000ec000000)
 ParOldGen       total 201216K, used 185337K [0x00000000c0000000, 0x00000000cc480000, 0x00000000eab00000)
  object space 201216K, 92% used [0x00000000c0000000,0x00000000cb4fe6f0,0x00000000cc480000)
 Metaspace       used 90222K, capacity 93799K, committed 94208K, reserved 1134592K
  class space    used 7873K, capacity 9059K, committed 9216K, reserved 1048576K
}
Event: 3798.046 GC heap before
{Heap before GC invocations=18859 (full 363):
 PSYoungGen      total 20480K, used 20469K [0x00000000eab00000, 0x00000000ecb00000, 0x0000000100000000)
  eden space 12800K, 100% used [0x00000000eab00000,0x00000000eb780000,0x00000000eb780000)
  from space 7680K, 99% used [0x00000000ec000000,0x00000000ec77d428,0x00000000ec780000)
  to   space 8704K, 0% used [0x00000000eb780000,0x00000000eb780000,0x00000000ec000000)
 ParOldGen       total 201216K, used 185337K [0x00000000c0000000, 0x00000000cc480000, 0x00000000eab00000)
  object space 201216K, 92% used [0x00000000c0000000,0x00000000cb4fe6f0,0x00000000cc480000)
 Metaspace       used 90223K, capacity 93799K, committed 94208K, reserved 1134592K
  class space    used 7873K, capacity 9059K, committed 9216K, reserved 1048576K
}
Event: 3798.058 GC heap after
{Heap after GC invocations=18859 (full 363):
 PSYoungGen      total 18944K, used 5706K [0x00000000eab00000, 0x00000000ec600000, 0x0000000100000000)
  eden space 12800K, 0% used [0x00000000eab00000,0x00000000eab00000,0x00000000eb780000)
  from space 6144K, 92% used [0x00000000eb780000,0x00000000ebd12b90,0x00000000ebd80000)
  to   space 6656K, 0% used [0x00000000ebf80000,0x00000000ebf80000,0x00000000ec600000)
 ParOldGen       total 201216K, used 188554K [0x00000000c0000000, 0x00000000cc480000, 0x00000000eab00000)
  object space 201216K, 93% used [0x00000000c0000000,0x00000000cb822a00,0x00000000cc480000)
 Metaspace       used 90223K, capacity 93799K, committed 94208K, reserved 1134592K
  class space    used 7873K, capacity 9059K, committed 9216K, reserved 1048576K
}

Deoptimization events (20 events):
Event: 3797.818 Thread 0x0000023455060000 DEOPT PACKING pc=0x000002343ec4ad23 sp=0x000000678f0fd360
Event: 3797.818 Thread 0x0000023455060000 DEOPT UNPACKING pc=0x000002343bba6ace sp=0x000000678f0fca80 mode 0
Event: 3797.826 Thread 0x0000023455060000 Uncommon trap: trap_request=0xffffff4d fr.pc=0x00000234441c87b8 relative=0x0000000000000578
Event: 3797.826 Thread 0x0000023455060000 Uncommon trap: reason=unstable_if action=reinterpret pc=0x00000234441c87b8 method=org.eclipse.jdt.internal.compiler.lookup.LookupEnvironment.convertUnresolvedBinaryToRawType(Lorg/eclipse/jdt/internal/compiler/lookup/TypeBinding;)Lorg/eclipse/jdt/internal/
Event: 3797.826 Thread 0x0000023455060000 DEOPT PACKING pc=0x00000234441c87b8 sp=0x000000678f0fcae0
Event: 3797.826 Thread 0x0000023455060000 DEOPT UNPACKING pc=0x000002343bba6caf sp=0x000000678f0fc9f8 mode 2
Event: 3797.827 Thread 0x0000023455060000 Uncommon trap: trap_request=0xffffff4d fr.pc=0x0000023444364e3c relative=0x0000000000001edc
Event: 3797.827 Thread 0x0000023455060000 Uncommon trap: reason=unstable_if action=reinterpret pc=0x0000023444364e3c method=org.eclipse.jdt.internal.compiler.lookup.ParameterizedTypeBinding.genericTypeSignature()[C @ 46 c2
Event: 3797.827 Thread 0x0000023455060000 DEOPT PACKING pc=0x0000023444364e3c sp=0x000000678f0fdc50
Event: 3797.827 Thread 0x0000023455060000 DEOPT UNPACKING pc=0x000002343bba6caf sp=0x000000678f0fdc50 mode 2
Event: 3797.830 Thread 0x0000023455060000 Uncommon trap: trap_request=0xffffffd6 fr.pc=0x0000023444b7bb20 relative=0x0000000000001800
Event: 3797.830 Thread 0x0000023455060000 Uncommon trap: reason=array_check action=maybe_recompile pc=0x0000023444b7bb20 method=java.util.TimSort.mergeHi(IIII)V @ 171 c2
Event: 3797.830 Thread 0x0000023455060000 DEOPT PACKING pc=0x0000023444b7bb20 sp=0x000000678f0fdb80
Event: 3797.830 Thread 0x0000023455060000 DEOPT UNPACKING pc=0x000002343bba6caf sp=0x000000678f0fdb48 mode 2
Event: 3797.832 Thread 0x0000023455060000 DEOPT PACKING pc=0x000002343ec4ad23 sp=0x000000678f0fd170
Event: 3797.832 Thread 0x0000023455060000 DEOPT UNPACKING pc=0x000002343bba6ace sp=0x000000678f0fc890 mode 0
Event: 3798.083 Thread 0x0000023455060000 Uncommon trap: trap_request=0xffffff4d fr.pc=0x0000023445314720 relative=0x0000000000002ea0
Event: 3798.083 Thread 0x0000023455060000 Uncommon trap: reason=unstable_if action=reinterpret pc=0x0000023445314720 method=org.eclipse.jdt.internal.compiler.parser.Scanner.getNextToken0()I @ 132 c2
Event: 3798.083 Thread 0x0000023455060000 DEOPT PACKING pc=0x0000023445314720 sp=0x000000678f0fe440
Event: 3798.083 Thread 0x0000023455060000 DEOPT UNPACKING pc=0x000002343bba6caf sp=0x000000678f0fe3f8 mode 2

Classes redefined (0 events):
No events

Internal exceptions (20 events):
Event: 3797.029 Thread 0x0000023455060000 Exception <a 'java/lang/ArrayIndexOutOfBoundsException'{0x00000000eb314628}> (0x00000000eb314628) thrown at [./src/hotspot/share/runtime/sharedRuntime.cpp, line 584]
Event: 3797.032 Thread 0x0000023455060000 Exception <a 'java/lang/ArrayIndexOutOfBoundsException'{0x00000000eb33e538}> (0x00000000eb33e538) thrown at [./src/hotspot/share/runtime/sharedRuntime.cpp, line 584]
Event: 3797.035 Thread 0x0000023455060000 Exception <a 'java/lang/ArrayIndexOutOfBoundsException'{0x00000000eb363880}> (0x00000000eb363880) thrown at [./src/hotspot/share/runtime/sharedRuntime.cpp, line 584]
Event: 3797.036 Thread 0x0000023455060000 Exception <a 'java/lang/ArrayIndexOutOfBoundsException'{0x00000000eb37e0b0}> (0x00000000eb37e0b0) thrown at [./src/hotspot/share/runtime/sharedRuntime.cpp, line 584]
Event: 3797.039 Thread 0x0000023455060000 Exception <a 'java/lang/ArrayIndexOutOfBoundsException'{0x00000000eb3ba2e0}> (0x00000000eb3ba2e0) thrown at [./src/hotspot/share/runtime/sharedRuntime.cpp, line 584]
Event: 3797.045 Thread 0x0000023455060000 Exception <a 'java/lang/ArrayIndexOutOfBoundsException'{0x00000000eb4012b8}> (0x00000000eb4012b8) thrown at [./src/hotspot/share/runtime/sharedRuntime.cpp, line 584]
Event: 3797.057 Thread 0x0000023455060000 Exception <a 'java/lang/ArrayIndexOutOfBoundsException'{0x00000000eb4de570}> (0x00000000eb4de570) thrown at [./src/hotspot/share/runtime/sharedRuntime.cpp, line 584]
Event: 3797.087 Thread 0x0000023455060000 Exception <a 'java/lang/ArrayIndexOutOfBoundsException'{0x00000000eb5f3420}> (0x00000000eb5f3420) thrown at [./src/hotspot/share/runtime/sharedRuntime.cpp, line 584]
Event: 3797.092 Thread 0x0000023455060000 Exception <a 'java/lang/ArrayIndexOutOfBoundsException'{0x00000000eb659f90}> (0x00000000eb659f90) thrown at [./src/hotspot/share/runtime/sharedRuntime.cpp, line 584]
Event: 3797.101 Thread 0x0000023455060000 Exception <a 'java/lang/ArrayIndexOutOfBoundsException'{0x00000000eb6dfe88}> (0x00000000eb6dfe88) thrown at [./src/hotspot/share/runtime/sharedRuntime.cpp, line 584]
Event: 3797.283 Thread 0x0000023455060000 Implicit null exception at 0x000002344492fb98 to 0x000002344493073c
Event: 3797.304 Thread 0x0000023455060000 Implicit null exception at 0x000002344474bf1e to 0x000002344474c084
Event: 3797.331 Thread 0x0000023455060000 Implicit null exception at 0x0000023444e8ed5a to 0x0000023444e8fdb4
Event: 3797.550 Thread 0x0000023455060000 Implicit null exception at 0x00000234445149c2 to 0x0000023444515434
Event: 3797.597 Thread 0x0000023455060000 Implicit null exception at 0x0000023444d7bad9 to 0x0000023444d7dd14
Event: 3797.607 Thread 0x0000023455060000 Implicit null exception at 0x0000023443cce67e to 0x0000023443cce72c
Event: 3797.615 Thread 0x0000023455060000 Implicit null exception at 0x00000234447c84a5 to 0x00000234447c8cd8
Event: 3797.701 Thread 0x0000023455060000 Implicit null exception at 0x0000023443fb26de to 0x0000023443fb28cc
Event: 3797.701 Thread 0x0000023455060000 Implicit null exception at 0x0000023443fd5e5e to 0x0000023443fd650c
Event: 3797.709 Thread 0x0000023455060000 Implicit null exception at 0x000002344490c86f to 0x000002344490caa0

Events (20 events):
Event: 3797.596 Executing VM operation: ICBufferFull
Event: 3797.596 Executing VM operation: ICBufferFull done
Event: 3797.652 Executing VM operation: ParallelGCFailedAllocation
Event: 3797.659 Executing VM operation: ParallelGCFailedAllocation done
Event: 3797.690 Thread 0x000002344e5bb000 flushing nmethod 0x000002343c8cc290
Event: 3797.699 Thread 0x000002344e5bb000 flushing nmethod 0x000002343dbedd10
Event: 3797.713 Executing VM operation: Deoptimize
Event: 3797.715 Executing VM operation: Deoptimize done
Event: 3797.744 Executing VM operation: ParallelGCFailedAllocation
Event: 3797.754 Executing VM operation: ParallelGCFailedAllocation done
Event: 3797.835 Executing VM operation: ParallelGCFailedAllocation
Event: 3797.844 Executing VM operation: ParallelGCFailedAllocation done
Event: 3797.886 Executing VM operation: ParallelGCFailedAllocation
Event: 3797.895 Executing VM operation: ParallelGCFailedAllocation done
Event: 3797.925 Executing VM operation: ParallelGCFailedAllocation
Event: 3797.934 Executing VM operation: ParallelGCFailedAllocation done
Event: 3797.992 Executing VM operation: ParallelGCFailedAllocation
Event: 3798.003 Executing VM operation: ParallelGCFailedAllocation done
Event: 3798.046 Executing VM operation: ParallelGCFailedAllocation
Event: 3798.058 Executing VM operation: ParallelGCFailedAllocation done


Dynamic libraries:
0x00007ff6d8f20000 - 0x00007ff6d8f2d000 	C:\Program Files\AdoptOpenJDK\jdk-11.0.8.10-hotspot\bin\java.exe
0x00007ffc26870000 - 0x00007ffc26a64000 	C:\WINDOWS\SYSTEM32\ntdll.dll
0x00007ffc25f50000 - 0x00007ffc2600d000 	C:\WINDOWS\System32\KERNEL32.DLL
0x00007ffc24500000 - 0x00007ffc247c7000 	C:\WINDOWS\System32\KERNELBASE.dll
0x00007ffc242d0000 - 0x00007ffc243d0000 	C:\WINDOWS\System32\ucrtbase.dll
0x00007ffc1e9a0000 - 0x00007ffc1e9b5000 	C:\Program Files\AdoptOpenJDK\jdk-11.0.8.10-hotspot\bin\VCRUNTIME140.dll
0x00007ffc1e9e0000 - 0x00007ffc1e9f7000 	C:\Program Files\AdoptOpenJDK\jdk-11.0.8.10-hotspot\bin\jli.dll
0x00007ffc25840000 - 0x00007ffc259e0000 	C:\WINDOWS\System32\USER32.dll
0x00007ffc0e380000 - 0x00007ffc0e61a000 	C:\WINDOWS\WinSxS\amd64_microsoft.windows.common-controls_6595b64144ccf1df_6.0.19041.1_none_b555e41d4684ddec\COMCTL32.dll
0x00007ffc23fc0000 - 0x00007ffc23fe2000 	C:\WINDOWS\System32\win32u.dll
0x00007ffc263c0000 - 0x00007ffc2645e000 	C:\WINDOWS\System32\msvcrt.dll
0x00007ffc24fc0000 - 0x00007ffc24fea000 	C:\WINDOWS\System32\GDI32.dll
0x00007ffc247d0000 - 0x00007ffc248da000 	C:\WINDOWS\System32\gdi32full.dll
0x00007ffc23ff0000 - 0x00007ffc2408d000 	C:\WINDOWS\System32\msvcp_win.dll
0x00007ffc24d30000 - 0x00007ffc24d60000 	C:\WINDOWS\System32\IMM32.DLL
0x00007ffbf24e0000 - 0x00007ffbf257b000 	C:\Program Files\AdoptOpenJDK\jdk-11.0.8.10-hotspot\bin\msvcp140.dll
0x00007ffbdf460000 - 0x00007ffbdff1d000 	C:\Program Files\AdoptOpenJDK\jdk-11.0.8.10-hotspot\bin\server\jvm.dll
0x00007ffc25790000 - 0x00007ffc2583a000 	C:\WINDOWS\System32\ADVAPI32.dll
0x00007ffc24950000 - 0x00007ffc249eb000 	C:\WINDOWS\System32\sechost.dll
0x00007ffc26220000 - 0x00007ffc26343000 	C:\WINDOWS\System32\RPCRT4.dll
0x00007ffc24b20000 - 0x00007ffc24b28000 	C:\WINDOWS\System32\PSAPI.DLL
0x00007ffc13b40000 - 0x00007ffc13b67000 	C:\WINDOWS\SYSTEM32\WINMM.dll
0x00007ffc1adc0000 - 0x00007ffc1adca000 	C:\WINDOWS\SYSTEM32\VERSION.dll
0x00007ffc1cfd0000 - 0x00007ffc1cfd9000 	C:\WINDOWS\SYSTEM32\WSOCK32.dll
0x00007ffc26350000 - 0x00007ffc263bb000 	C:\WINDOWS\System32\WS2_32.dll
0x00007ffc22100000 - 0x00007ffc22113000 	C:\WINDOWS\SYSTEM32\kernel.appcore.dll
0x00007ffc1ee30000 - 0x00007ffc1ee40000 	C:\Program Files\AdoptOpenJDK\jdk-11.0.8.10-hotspot\bin\verify.dll
0x00007ffc20db0000 - 0x00007ffc20f94000 	C:\WINDOWS\SYSTEM32\DBGHELP.DLL
0x00007ffc0ef20000 - 0x00007ffc0ef4c000 	C:\WINDOWS\SYSTEM32\dbgcore.DLL
0x00007ffc24480000 - 0x00007ffc244ff000 	C:\WINDOWS\System32\bcryptPrimitives.dll
0x00007ffc0f860000 - 0x00007ffc0f888000 	C:\Program Files\AdoptOpenJDK\jdk-11.0.8.10-hotspot\bin\java.dll
0x00007ffc1ed20000 - 0x00007ffc1ed2a000 	C:\Program Files\AdoptOpenJDK\jdk-11.0.8.10-hotspot\bin\jimage.dll
0x00007ffc1d370000 - 0x00007ffc1d387000 	C:\Program Files\AdoptOpenJDK\jdk-11.0.8.10-hotspot\bin\zip.dll
0x00007ffc25050000 - 0x00007ffc25785000 	C:\WINDOWS\System32\SHELL32.dll
0x00007ffc22710000 - 0x00007ffc22e9f000 	C:\WINDOWS\SYSTEM32\windows.storage.dll
0x00007ffc26470000 - 0x00007ffc267c3000 	C:\WINDOWS\System32\combase.dll
0x00007ffc23a40000 - 0x00007ffc23a6b000 	C:\WINDOWS\SYSTEM32\Wldp.dll
0x00007ffc24f10000 - 0x00007ffc24fbe000 	C:\WINDOWS\System32\SHCORE.dll
0x00007ffc248f0000 - 0x00007ffc24945000 	C:\WINDOWS\System32\shlwapi.dll
0x00007ffc23f00000 - 0x00007ffc23f1f000 	C:\WINDOWS\SYSTEM32\profapi.dll
0x00007ffc1cf20000 - 0x00007ffc1cf39000 	C:\Program Files\AdoptOpenJDK\jdk-11.0.8.10-hotspot\bin\net.dll
0x00007ffc23080000 - 0x00007ffc23180000 	C:\WINDOWS\SYSTEM32\WINHTTP.dll
0x00007ffc237c0000 - 0x00007ffc2382a000 	C:\WINDOWS\system32\mswsock.dll
0x00007ffc1cd10000 - 0x00007ffc1cd22000 	C:\Program Files\AdoptOpenJDK\jdk-11.0.8.10-hotspot\bin\nio.dll
0x00007ffc23990000 - 0x00007ffc239a8000 	C:\WINDOWS\SYSTEM32\CRYPTSP.dll
0x00007ffc22fe0000 - 0x00007ffc23014000 	C:\WINDOWS\system32\rsaenh.dll
0x00007ffc24090000 - 0x00007ffc240b7000 	C:\WINDOWS\System32\bcrypt.dll
0x00007ffc23ec0000 - 0x00007ffc23eee000 	C:\WINDOWS\SYSTEM32\USERENV.dll
0x00007ffc239b0000 - 0x00007ffc239bc000 	C:\WINDOWS\SYSTEM32\CRYPTBASE.dll
0x00007ffc23460000 - 0x00007ffc2349b000 	C:\WINDOWS\SYSTEM32\IPHLPAPI.DLL
0x00007ffc26460000 - 0x00007ffc26469000 	C:\WINDOWS\System32\NSI.dll
0x00007ffc1d800000 - 0x00007ffc1d817000 	C:\WINDOWS\SYSTEM32\dhcpcsvc6.DLL
0x00007ffc1cef0000 - 0x00007ffc1cf0d000 	C:\WINDOWS\SYSTEM32\dhcpcsvc.DLL
0x00007ffc234b0000 - 0x00007ffc2357a000 	C:\WINDOWS\SYSTEM32\DNSAPI.dll
0x00007ffc0ec40000 - 0x00007ffc0ec69000 	C:\Users\a-moshab\AppData\Roaming\Code\User\globalStorage\redhat.java\0.65.0\config_win\org.eclipse.equinox.launcher\org.eclipse.equinox.launcher.win32.win32.x86_64_1.1.1200.v20200508-1552\eclipse_11000.dll
0x00007ffc082f0000 - 0x00007ffc08301000 	C:\Users\a-moshab\AppData\Roaming\Code\User\globalStorage\redhat.java\0.65.0\config_win\org.eclipse.osgi\20\0\.cp\jWinHttp-1.0.0.dll
0x00007ffc249f0000 - 0x00007ffc24b19000 	C:\WINDOWS\System32\ole32.dll
0x00007ffc07800000 - 0x00007ffc07825000 	C:\Program Files\AdoptOpenJDK\jdk-11.0.8.10-hotspot\bin\sunec.dll
0x00007ffc14530000 - 0x00007ffc1453a000 	C:\Windows\System32\rasadhlp.dll
0x00007ffc1ded0000 - 0x00007ffc1df4f000 	C:\WINDOWS\System32\fwpuclnt.dll
0x00007ffc1de00000 - 0x00007ffc1de0e000 	C:\Program Files\AdoptOpenJDK\jdk-11.0.8.10-hotspot\bin\sunmscapi.dll
0x00007ffc240c0000 - 0x00007ffc2421d000 	C:\WINDOWS\System32\CRYPT32.dll
0x00007ffc23ab0000 - 0x00007ffc23ad7000 	C:\WINDOWS\SYSTEM32\ncrypt.dll
0x00007ffc23a70000 - 0x00007ffc23aab000 	C:\WINDOWS\SYSTEM32\NTASN1.dll

dbghelp: loaded successfully - version: 4.0.5 - missing functions: none
symbol engine: initialized successfully - sym options: 0x614 - pdb path: .;C:\Program Files\AdoptOpenJDK\jdk-11.0.8.10-hotspot\bin;C:\WINDOWS\SYSTEM32;C:\WINDOWS\WinSxS\amd64_microsoft.windows.common-controls_6595b64144ccf1df_6.0.19041.1_none_b555e41d4684ddec;C:\Program Files\AdoptOpenJDK\jdk-11.0.8.10-hotspot\bin\server;C:\Users\a-moshab\AppData\Roaming\Code\User\globalStorage\redhat.java\0.65.0\config_win\org.eclipse.equinox.launcher\org.eclipse.equinox.launcher.win32.win32.x86_64_1.1.1200.v20200508-1552;C:\Users\a-moshab\AppData\Roaming\Code\User\globalStorage\redhat.java\0.65.0\config_win\org.eclipse.osgi\20\0\.cp

VM Arguments:
jvm_args: --add-modules=ALL-SYSTEM --add-opens=java.base/java.util=ALL-UNNAMED --add-opens=java.base/java.lang=ALL-UNNAMED -Declipse.application=org.eclipse.jdt.ls.core.id1 -Dosgi.bundles.defaultStartLevel=4 -Declipse.product=org.eclipse.jdt.ls.core.product -Dfile.encoding=utf8 -DwatchParentProcess=false -XX:+UseParallelGC -XX:GCTimeRatio=4 -XX:AdaptiveSizePolicyWeight=90 -Dsun.zip.disableMemoryMapping=true -Xmx1G -Xms100m -Xverify:none 
java_command: c:\Users\a-moshab\.vscode\extensions\redhat.java-0.65.0\server\plugins\org.eclipse.equinox.launcher_1.5.700.v20200207-2156.jar -configuration c:\Users\a-moshab\AppData\Roaming\Code\User\globalStorage\redhat.java\0.65.0\config_win -data c:\Users\a-moshab\AppData\Roaming\Code\User\workspaceStorage\f1e8f09345060de4f536d05c39977e94\redhat.java\jdt_ws
java_class_path (initial): c:\Users\a-moshab\.vscode\extensions\redhat.java-0.65.0\server\plugins\org.eclipse.equinox.launcher_1.5.700.v20200207-2156.jar
Launcher Type: SUN_STANDARD

[Global flags]
    uintx AdaptiveSizePolicyWeight                 = 90                                        {product} {command line}
     bool BytecodeVerificationLocal                = false                                     {product} {command line}
     bool BytecodeVerificationRemote               = false                                     {product} {command line}
     intx CICompilerCount                          = 4                                         {product} {ergonomic}
    uintx GCTimeRatio                              = 4                                         {product} {command line}
   size_t InitialHeapSize                          = 104857600                                 {product} {command line}
   size_t MaxHeapSize                              = 1073741824                                {product} {command line}
   size_t MaxNewSize                               = 357564416                                 {product} {ergonomic}
   size_t MinHeapDeltaBytes                        = 524288                                    {product} {ergonomic}
   size_t NewSize                                  = 34603008                                  {product} {ergonomic}
    uintx NonNMethodCodeHeapSize                   = 5836300                                {pd product} {ergonomic}
    uintx NonProfiledCodeHeapSize                  = 122910970                              {pd product} {ergonomic}
   size_t OldSize                                  = 70254592                                  {product} {ergonomic}
    uintx ProfiledCodeHeapSize                     = 122910970                              {pd product} {ergonomic}
    uintx ReservedCodeCacheSize                    = 251658240                              {pd product} {ergonomic}
     bool SegmentedCodeCache                       = true                                      {product} {ergonomic}
     bool UseCompressedClassPointers               = true                                 {lp64_product} {ergonomic}
     bool UseCompressedOops                        = true                                 {lp64_product} {ergonomic}
     bool UseLargePagesIndividualAllocation        = false                                  {pd product} {ergonomic}
     bool UseParallelGC                            = true                                      {product} {command line}

Logging:
Log output configuration:
 #0: stdout all=warning uptime,level,tags
 #1: stderr all=off uptime,level,tags

Environment Variables:
JAVA_HOME=C:\Program Files\AdoptOpenJDK\jdk-11.0.8.10-hotspot\
PATH=C:\Program Files\AdoptOpenJDK\jdk-11.0.8.10-hotspot\bin;C:\Program Files (x86)\Microsoft SDKs\Azure\CLI2\wbin;C:\Python38\Scripts\;C:\Python38\;C:\Program Files\Common Files\Microsoft Shared\Microsoft Online Services;C:\Program Files (x86)\Common Files\Microsoft Shared\Microsoft Online Services;C:\WINDOWS\system32;C:\WINDOWS;C:\WINDOWS\System32\Wbem;C:\WINDOWS\System32\WindowsPowerShell\v1.0\;C:\WINDOWS\System32\OpenSSH\;C:\Program Files\Microsoft SQL Server\130\Tools\Binn\;C:\Program Files\Microsoft SQL Server\Client SDK\ODBC\170\Tools\Binn\;C:\Program Files\Git\cmd;C:\Program Files\nodejs\;C:\ProgramData\chocolatey\bin;C:\Program Files\Redis\;C:\Program Files (x86)\LINQPad5;C:\Users\a-moshab\AppData\Local\AzureFunctionsTools\Releases\1.10.0\cli_x64;C:\Program Files\dotnet\;C:\Users\a-moshab\AppData\Local\Microsoft\WindowsApps;;C:\Users\a-moshab\AppData\Local\Programs\Microsoft VS Code\bin;C:\Users\a-moshab\AppData\Roaming\npm;C:\Users\a-moshab\.dotnet\tools
USERNAME=a-moshab
OS=Windows_NT
PROCESSOR_IDENTIFIER=Intel64 Family 6 Model 158 Stepping 9, GenuineIntel



---------------  S Y S T E M  ---------------

OS: Windows 10 , 64 bit Build 19041 (10.0.19041.292)
OS uptime: 1 days 3:56 hours

CPU:total 8 (initial active 8) (4 cores per cpu, 2 threads per core) family 6 model 158 stepping 9, cmov, cx8, fxsr, mmx, sse, sse2, sse3, ssse3, sse4.1, sse4.2, popcnt, avx, avx2, aes, clmul, erms, rtm, 3dnowpref, lzcnt, ht, tsc, tscinvbit, bmi1, bmi2, adx, fma

Memory: 4k page, system-wide physical 16190M (2241M free)
TotalPageFile size 16190M (AvailPageFile size 11M)
current process WorkingSet (physical memory assigned to process): 608M, peak: 608M
current process commit charge ("private bytes"): 638M, peak: 639M

vm_info: OpenJDK 64-Bit Server VM (11.0.8+10) for windows-amd64 JRE (11.0.8+10), built on Jul 15 2020 11:45:54 by "" with MS VC++ 15.9 (VS2017)

END.
